D:\DEV\CPP\COCOS2D-X\OPEN_SOURCE_GAMES\COCOS2D-X-EARTHWARRIOR3D-WIN-DESKTOP-VERSION-MASTER\COCOS2D-X-EARTHWARRIOR3D-WIN-DESKTOP-VERSION-MASTER\PROJ.WIN32\DEBUG.WIN32\VC110.PDB
D:\DEV\CPP\COCOS2D-X\OPEN_SOURCE_GAMES\COCOS2D-X-EARTHWARRIOR3D-WIN-DESKTOP-VERSION-MASTER\COCOS2D-X-EARTHWARRIOR3D-WIN-DESKTOP-VERSION-MASTER\PROJ.WIN32\DEBUG.WIN32\MOON3D.ILK
D:\DEV\CPP\COCOS2D-X\OPEN_SOURCE_GAMES\COCOS2D-X-EARTHWARRIOR3D-WIN-DESKTOP-VERSION-MASTER\COCOS2D-X-EARTHWARRIOR3D-WIN-DESKTOP-VERSION-MASTER\PROJ.WIN32\DEBUG.WIN32\MOON3D.EXE
D:\DEV\CPP\COCOS2D-X\OPEN_SOURCE_GAMES\COCOS2D-X-EARTHWARRIOR3D-WIN-DESKTOP-VERSION-MASTER\COCOS2D-X-EARTHWARRIOR3D-WIN-DESKTOP-VERSION-MASTER\PROJ.WIN32\DEBUG.WIN32\MOON3D.PDB
D:\DEV\CPP\COCOS2D-X\OPEN_SOURCE_GAMES\COCOS2D-X-EARTHWARRIOR3D-WIN-DESKTOP-VERSION-MASTER\COCOS2D-X-EARTHWARRIOR3D-WIN-DESKTOP-VERSION-MASTER\PROJ.WIN32\DEBUG.WIN32\GAME.RES
D:\dev\cpp\cocos2d-x\open_source_games\Cocos2d-x-EarthWarrior3D-win-desktop-version-master\Cocos2d-x-EarthWarrior3D-win-desktop-version-master\proj.win32\Debug.win32\Moon3d.vcxprojResolveAssemblyReference.cache
D:\dev\cpp\cocos2d-x\open_source_games\Cocos2d-x-EarthWarrior3D-win-desktop-version-master\Cocos2d-x-EarthWarrior3D-win-desktop-version-master\proj.win32\Debug.win32\AirCraft.obj
D:\dev\cpp\cocos2d-x\open_source_games\Cocos2d-x-EarthWarrior3D-win-desktop-version-master\Cocos2d-x-EarthWarrior3D-win-desktop-version-master\proj.win32\Debug.win32\AppDelegate.obj
D:\dev\cpp\cocos2d-x\open_source_games\Cocos2d-x-EarthWarrior3D-win-desktop-version-master\Cocos2d-x-EarthWarrior3D-win-desktop-version-master\proj.win32\Debug.win32\Bullets.obj
D:\dev\cpp\cocos2d-x\open_source_games\Cocos2d-x-EarthWarrior3D-win-desktop-version-master\Cocos2d-x-EarthWarrior3D-win-desktop-version-master\proj.win32\Debug.win32\Effects.obj
D:\dev\cpp\cocos2d-x\open_source_games\Cocos2d-x-EarthWarrior3D-win-desktop-version-master\Cocos2d-x-EarthWarrior3D-win-desktop-version-master\proj.win32\Debug.win32\Enemies.obj
D:\dev\cpp\cocos2d-x\open_source_games\Cocos2d-x-EarthWarrior3D-win-desktop-version-master\Cocos2d-x-EarthWarrior3D-win-desktop-version-master\proj.win32\Debug.win32\Explosion.obj
D:\dev\cpp\cocos2d-x\open_source_games\Cocos2d-x-EarthWarrior3D-win-desktop-version-master\Cocos2d-x-EarthWarrior3D-win-desktop-version-master\proj.win32\Debug.win32\GameControllers.obj
D:\dev\cpp\cocos2d-x\open_source_games\Cocos2d-x-EarthWarrior3D-win-desktop-version-master\Cocos2d-x-EarthWarrior3D-win-desktop-version-master\proj.win32\Debug.win32\GameEntity.obj
D:\dev\cpp\cocos2d-x\open_source_games\Cocos2d-x-EarthWarrior3D-win-desktop-version-master\Cocos2d-x-EarthWarrior3D-win-desktop-version-master\proj.win32\Debug.win32\GameLayer.obj
D:\dev\cpp\cocos2d-x\open_source_games\Cocos2d-x-EarthWarrior3D-win-desktop-version-master\Cocos2d-x-EarthWarrior3D-win-desktop-version-master\proj.win32\Debug.win32\GameOverLayer.obj
D:\dev\cpp\cocos2d-x\open_source_games\Cocos2d-x-EarthWarrior3D-win-desktop-version-master\Cocos2d-x-EarthWarrior3D-win-desktop-version-master\proj.win32\Debug.win32\HelloWorldScene.obj
D:\dev\cpp\cocos2d-x\open_source_games\Cocos2d-x-EarthWarrior3D-win-desktop-version-master\Cocos2d-x-EarthWarrior3D-win-desktop-version-master\proj.win32\Debug.win32\LicenseLayer.obj
D:\dev\cpp\cocos2d-x\open_source_games\Cocos2d-x-EarthWarrior3D-win-desktop-version-master\Cocos2d-x-EarthWarrior3D-win-desktop-version-master\proj.win32\Debug.win32\LoadingScene.obj
D:\dev\cpp\cocos2d-x\open_source_games\Cocos2d-x-EarthWarrior3D-win-desktop-version-master\Cocos2d-x-EarthWarrior3D-win-desktop-version-master\proj.win32\Debug.win32\main.obj
D:\dev\cpp\cocos2d-x\open_source_games\Cocos2d-x-EarthWarrior3D-win-desktop-version-master\Cocos2d-x-EarthWarrior3D-win-desktop-version-master\proj.win32\Debug.win32\MainMenuScene.obj
D:\dev\cpp\cocos2d-x\open_source_games\Cocos2d-x-EarthWarrior3D-win-desktop-version-master\Cocos2d-x-EarthWarrior3D-win-desktop-version-master\proj.win32\Debug.win32\Mesh.obj
D:\dev\cpp\cocos2d-x\open_source_games\Cocos2d-x-EarthWarrior3D-win-desktop-version-master\Cocos2d-x-EarthWarrior3D-win-desktop-version-master\proj.win32\Debug.win32\MeshCache.obj
D:\dev\cpp\cocos2d-x\open_source_games\Cocos2d-x-EarthWarrior3D-win-desktop-version-master\Cocos2d-x-EarthWarrior3D-win-desktop-version-master\proj.win32\Debug.win32\ParticleManager.obj
D:\dev\cpp\cocos2d-x\open_source_games\Cocos2d-x-EarthWarrior3D-win-desktop-version-master\Cocos2d-x-EarthWarrior3D-win-desktop-version-master\proj.win32\Debug.win32\Plane.obj
D:\dev\cpp\cocos2d-x\open_source_games\Cocos2d-x-EarthWarrior3D-win-desktop-version-master\Cocos2d-x-EarthWarrior3D-win-desktop-version-master\proj.win32\Debug.win32\Player.obj
D:\dev\cpp\cocos2d-x\open_source_games\Cocos2d-x-EarthWarrior3D-win-desktop-version-master\Cocos2d-x-EarthWarrior3D-win-desktop-version-master\proj.win32\Debug.win32\PublicApi.obj
D:\dev\cpp\cocos2d-x\open_source_games\Cocos2d-x-EarthWarrior3D-win-desktop-version-master\Cocos2d-x-EarthWarrior3D-win-desktop-version-master\proj.win32\Debug.win32\Sprite3D.obj
D:\dev\cpp\cocos2d-x\open_source_games\Cocos2d-x-EarthWarrior3D-win-desktop-version-master\Cocos2d-x-EarthWarrior3D-win-desktop-version-master\proj.win32\Debug.win32\Moon3d.ilk
D:\dev\cpp\cocos2d-x\open_source_games\Cocos2d-x-EarthWarrior3D-win-desktop-version-master\Cocos2d-x-EarthWarrior3D-win-desktop-version-master\proj.win32\Debug.win32\CL.11540.read.1.tlog
D:\dev\cpp\cocos2d-x\open_source_games\Cocos2d-x-EarthWarrior3D-win-desktop-version-master\Cocos2d-x-EarthWarrior3D-win-desktop-version-master\proj.win32\Debug.win32\CL.11540.write.1.tlog
D:\dev\cpp\cocos2d-x\open_source_games\Cocos2d-x-EarthWarrior3D-win-desktop-version-master\Cocos2d-x-EarthWarrior3D-win-desktop-version-master\proj.win32\Debug.win32\CL.15884.read.1.tlog
D:\dev\cpp\cocos2d-x\open_source_games\Cocos2d-x-EarthWarrior3D-win-desktop-version-master\Cocos2d-x-EarthWarrior3D-win-desktop-version-master\proj.win32\Debug.win32\CL.15884.write.1.tlog
D:\dev\cpp\cocos2d-x\open_source_games\Cocos2d-x-EarthWarrior3D-win-desktop-version-master\Cocos2d-x-EarthWarrior3D-win-desktop-version-master\proj.win32\Debug.win32\CL.16940.read.1.tlog
D:\dev\cpp\cocos2d-x\open_source_games\Cocos2d-x-EarthWarrior3D-win-desktop-version-master\Cocos2d-x-EarthWarrior3D-win-desktop-version-master\proj.win32\Debug.win32\CL.16940.write.1.tlog
D:\dev\cpp\cocos2d-x\open_source_games\Cocos2d-x-EarthWarrior3D-win-desktop-version-master\Cocos2d-x-EarthWarrior3D-win-desktop-version-master\proj.win32\Debug.win32\CL.17772.read.1.tlog
D:\dev\cpp\cocos2d-x\open_source_games\Cocos2d-x-EarthWarrior3D-win-desktop-version-master\Cocos2d-x-EarthWarrior3D-win-desktop-version-master\proj.win32\Debug.win32\CL.17772.write.1.tlog
D:\dev\cpp\cocos2d-x\open_source_games\Cocos2d-x-EarthWarrior3D-win-desktop-version-master\Cocos2d-x-EarthWarrior3D-win-desktop-version-master\proj.win32\Debug.win32\cl.command.1.tlog
D:\dev\cpp\cocos2d-x\open_source_games\Cocos2d-x-EarthWarrior3D-win-desktop-version-master\Cocos2d-x-EarthWarrior3D-win-desktop-version-master\proj.win32\Debug.win32\CL.read.1.tlog
D:\dev\cpp\cocos2d-x\open_source_games\Cocos2d-x-EarthWarrior3D-win-desktop-version-master\Cocos2d-x-EarthWarrior3D-win-desktop-version-master\proj.win32\Debug.win32\cl.write.1.tlog
D:\dev\cpp\cocos2d-x\open_source_games\Cocos2d-x-EarthWarrior3D-win-desktop-version-master\Cocos2d-x-EarthWarrior3D-win-desktop-version-master\proj.win32\Debug.win32\link-cvtres.read.1.tlog
D:\dev\cpp\cocos2d-x\open_source_games\Cocos2d-x-EarthWarrior3D-win-desktop-version-master\Cocos2d-x-EarthWarrior3D-win-desktop-version-master\proj.win32\Debug.win32\link-cvtres.write.1.tlog
D:\dev\cpp\cocos2d-x\open_source_games\Cocos2d-x-EarthWarrior3D-win-desktop-version-master\Cocos2d-x-EarthWarrior3D-win-desktop-version-master\proj.win32\Debug.win32\link-rc.read.1.tlog
D:\dev\cpp\cocos2d-x\open_source_games\Cocos2d-x-EarthWarrior3D-win-desktop-version-master\Cocos2d-x-EarthWarrior3D-win-desktop-version-master\proj.win32\Debug.win32\link-rc.write.1.tlog
D:\dev\cpp\cocos2d-x\open_source_games\Cocos2d-x-EarthWarrior3D-win-desktop-version-master\Cocos2d-x-EarthWarrior3D-win-desktop-version-master\proj.win32\Debug.win32\link.command.1.tlog
D:\dev\cpp\cocos2d-x\open_source_games\Cocos2d-x-EarthWarrior3D-win-desktop-version-master\Cocos2d-x-EarthWarrior3D-win-desktop-version-master\proj.win32\Debug.win32\link.read.1.tlog
D:\dev\cpp\cocos2d-x\open_source_games\Cocos2d-x-EarthWarrior3D-win-desktop-version-master\Cocos2d-x-EarthWarrior3D-win-desktop-version-master\proj.win32\Debug.win32\link.write.1.tlog
D:\dev\cpp\cocos2d-x\open_source_games\Cocos2d-x-EarthWarrior3D-win-desktop-version-master\Cocos2d-x-EarthWarrior3D-win-desktop-version-master\proj.win32\Debug.win32\rc.command.1.tlog
D:\dev\cpp\cocos2d-x\open_source_games\Cocos2d-x-EarthWarrior3D-win-desktop-version-master\Cocos2d-x-EarthWarrior3D-win-desktop-version-master\proj.win32\Debug.win32\rc.read.1.tlog
D:\dev\cpp\cocos2d-x\open_source_games\Cocos2d-x-EarthWarrior3D-win-desktop-version-master\Cocos2d-x-EarthWarrior3D-win-desktop-version-master\proj.win32\Debug.win32\rc.write.1.tlog
D:\dev\cpp\cocos2d-x\open_source_games\Cocos2d-x-EarthWarrior3D-win-desktop-version-master\Cocos2d-x-EarthWarrior3D-win-desktop-version-master\proj.win32\Debug.win32\game.res
D:\dev\cpp\cocos2d-x\open_source_games\Cocos2d-x-EarthWarrior3D-win-desktop-version-master\Cocos2d-x-EarthWarrior3D-win-desktop-version-master\proj.win32\Debug.win32\vc110.idb
D:\dev\cpp\cocos2d-x\open_source_games\Cocos2d-x-EarthWarrior3D-win-desktop-version-master\Cocos2d-x-EarthWarrior3D-win-desktop-version-master\proj.win32\Debug.win32\Moon3d.pdb
D:\dev\cpp\cocos2d-x\open_source_games\Cocos2d-x-EarthWarrior3D-win-desktop-version-master\Cocos2d-x-EarthWarrior3D-win-desktop-version-master\proj.win32\Debug.win32\vc110.pdb
D:\dev\cpp\cocos2d-x\open_source_games\Cocos2d-x-EarthWarrior3D-win-desktop-version-master\Cocos2d-x-EarthWarrior3D-win-desktop-version-master\proj.win32\Debug.win32\Moon3d.exe
